nohup: ignoring input
3001
[0mGET / [36m304 [0m14.175 ms - -[0m
[0mGET /stylesheets/style.css [36m304 [0m1.847 ms - -[0m
[0mGET /getcard?q=elephant [32m200 [0m216.603 ms - 38386[0m
[0mGET /getcard?q=crossbow [32m200 [0m287.711 ms - 8109[0m
[0mGET /getcard?q=dragon [32m200 [0m418.076 ms - 168563[0m
[0mGET /getcard?q=mountain [32m200 [0m549.004 ms - 297175[0m
[0mGET /getcard?q=mountain [32m200 [0m467.486 ms - 297175[0m
[0mGET /getcard?q=danielle [32m200 [0m79.592 ms - 12[0m
[0mGET /getcard?q=eric [32m200 [0m119.829 ms - 62382[0m
[0mGET /getcard?q=quin [32m200 [0m112.087 ms - 10941[0m
[0mGET /getcard?q=quinn [32m200 [0m116.866 ms - 12[0m
[0mGET /getcard?q=quin [32m200 [0m113.080 ms - 10941[0m
[0mGET / [32m200 [0m4.001 ms - 1063[0m
[0mGET /stylesheets/style.css [32m200 [0m1.268 ms - 392[0m
[0mGET /getcard?q=water [32m200 [0m273.681 ms - 164907[0m
[0mGET / [32m200 [0m0.844 ms - 1064[0m
[0mGET /stylesheets/style.css [36m304 [0m0.440 ms - -[0m
[0mGET / [36m304 [0m0.451 ms - -[0m
[0mGET /stylesheets/style.css [36m304 [0m0.391 ms - -[0m
[0mGET / [36m304 [0m1.270 ms - -[0m
[0mGET /stylesheets/style.css [36m304 [0m0.293 ms - -[0m
[0mGET / [32m200 [0m0.641 ms - 1064[0m
[0mGET /stylesheets/style.css [32m200 [0m0.678 ms - 392[0m
[0mGET / [32m200 [0m0.600 ms - 1064[0m
[0mGET /stylesheets/style.css [32m200 [0m0.478 ms - 392[0m
[0mGET / [36m304 [0m0.941 ms - -[0m
[0mGET /stylesheets/style.css [36m304 [0m0.286 ms - -[0m
[0mGET / [36m304 [0m0.474 ms - -[0m
[0mGET /stylesheets/style.css [36m304 [0m0.304 ms - -[0m
[0mGET / [32m200 [0m0.589 ms - 1064[0m
[0mGET /stylesheets/style.css [32m200 [0m0.441 ms - 392[0m
[0mGET / [32m200 [0m0.538 ms - 1064[0m
[0mGET /stylesheets/style.css [32m200 [0m0.705 ms - 392[0m
[0mGET / [32m200 [0m3.302 ms - 1064[0m
[0mGET /stylesheets/style.css [32m200 [0m0.460 ms - 392[0m
[0mGET / [36m304 [0m1.267 ms - -[0m
[0mGET /stylesheets/style.css [36m304 [0m0.290 ms - -[0m
[0mGET /getcard?q=nissa [32m200 [0m377.467 ms - 90379[0m
[0mGET / [36m304 [0m0.437 ms - -[0m
[0mGET /stylesheets/style.css [36m304 [0m0.321 ms - -[0m
[0mGET / [32m200 [0m0.601 ms - 1064[0m
[0mGET /stylesheets/style.css [32m200 [0m0.448 ms - 392[0m
[0mGET / [36m304 [0m1.380 ms - -[0m
[0mGET /stylesheets/style.css [36m304 [0m0.429 ms - -[0m
[0mGET / [32m200 [0m0.872 ms - 1064[0m
[0mGET /stylesheets/style.css [32m200 [0m0.371 ms - 392[0m
[0mGET / [32m200 [0m0.536 ms - 1064[0m
[0mGET /stylesheets/style.css [32m200 [0m0.454 ms - 392[0m
[0mGET / [36m304 [0m0.465 ms - -[0m
[0mGET /stylesheets/style.css [36m304 [0m0.339 ms - -[0m
[0mGET /getcard?q=word [32m200 [0m573.438 ms - 192261[0m
[0mGET /getcard?q=peace [32m200 [0m292.794 ms - 48748[0m
[0mGET /getcard?q=rare [32m200 [0m211.909 ms - 989[0m
[0mGET /getcard?q=tall [32m200 [0m209.350 ms - 52718[0m
[0mGET /getcard?q=dope [32m200 [0m102.693 ms - 12[0m
[0mGET /getcard?q=card [32m200 [0m142.033 ms - 5666[0m
[0mGET /getcard?q=cold [32m200 [0m161.564 ms - 19024[0m
[0mGET /getcard?q=green [32m200 [0m277.505 ms - 72100[0m
[0mGET /getcard?q=power [32m200 [0m561.959 ms - 164775[0m
[0mGET / [32m200 [0m0.547 ms - 1064[0m
[0mGET /stylesheets/style.css [32m200 [0m0.431 ms - 392[0m
[0mGET / [36m304 [0m1.328 ms - -[0m
[0mGET /stylesheets/style.css [36m304 [0m0.291 ms - -[0m
[0mGET / [36m304 [0m0.457 ms - -[0m
[0mGET /stylesheets/style.css [36m304 [0m0.207 ms - -[0m
[0mGET /getcard?q=goblin [32m200 [0m552.735 ms - 121487[0m
[0mGET /getcard?q=goblin [32m200 [0m400.039 ms - 121487[0m
[0mGET / [36m304 [0m0.456 ms - -[0m
[0mGET /stylesheets/style.css [36m304 [0m1.198 ms - -[0m
[0mGET /getcard?q=monster [32m200 [0m215.893 ms - 38631[0m
[0mGET / [32m200 [0m0.555 ms - 1064[0m
[0mGET /stylesheets/style.css [32m200 [0m0.401 ms - 392[0m
[0mGET /getcard?q=Jeremy [32m200 [0m208.349 ms - 12[0m
[0mGET /getcard?q=gross [32m200 [0m231.997 ms - 12[0m
[0mGET /getcard?q=fire [32m200 [0m524.901 ms - 153106[0m
[0mGET /getcard?q=grey [32m200 [0m138.666 ms - 12[0m
[0mGET / [32m200 [0m0.535 ms - 1064[0m
[0mGET /stylesheets/style.css [32m200 [0m0.424 ms - 392[0m
[0mGET /getcard?q=Dallin [32m200 [0m182.889 ms - 12[0m
[0mGET / [32m200 [0m1.798 ms - 1064[0m
[0mGET /stylesheets/style.css [32m200 [0m0.425 ms - 392[0m
[0mGET / [32m200 [0m0.574 ms - 1064[0m
[0mGET /stylesheets/style.css [32m200 [0m0.439 ms - 392[0m
[0mGET /getcard?q=blue [32m200 [0m249.217 ms - 54160[0m
[0mGET /getcard?q=west [32m200 [0m207.903 ms - 22627[0m
[0mGET /getcard?q=player [32m200 [0m292.469 ms - 2271[0m
[0mGET / [36m304 [0m0.413 ms - -[0m
[0mGET /stylesheets/style.css [36m304 [0m0.310 ms - -[0m
[0mGET / [32m200 [0m0.573 ms - 1064[0m
[0mGET /stylesheets/style.css [32m200 [0m0.432 ms - 392[0m
[0mGET / [32m200 [0m0.550 ms - 1064[0m
[0mGET /stylesheets/style.css [32m200 [0m0.463 ms - 392[0m
[0mGET /getcard?q=a [32m200 [0m524.569 ms - 119024[0m
[0mGET /getcard?q=Wizard [32m200 [0m261.734 ms - 37536[0m
[0mGET /getcard?q=dark [32m200 [0m325.947 ms - 189708[0m
[0mGET / [36m304 [0m0.420 ms - -[0m
[0mGET /stylesheets/style.css [36m304 [0m0.299 ms - -[0m
[0mGET / [32m200 [0m0.539 ms - 1064[0m
[0mGET /stylesheets/style.css [32m200 [0m0.403 ms - 392[0m
[0mGET /getcard?q=what [0m- [0m- ms - -[0m
[0mGET / [36m304 [0m0.417 ms - -[0m
[0mGET /stylesheets/style.css [36m304 [0m0.300 ms - -[0m
[0mGET / [36m304 [0m0.407 ms - -[0m
[0mGET /stylesheets/style.css [36m304 [0m0.293 ms - -[0m
[0mGET / [36m304 [0m0.385 ms - -[0m
[0mGET /stylesheets/style.css [36m304 [0m0.296 ms - -[0m
[0mGET / [36m304 [0m0.520 ms - -[0m
[0mGET /stylesheets/style.css [36m304 [0m0.230 ms - -[0m
[0mGET / [36m304 [0m0.517 ms - -[0m
[0mGET /stylesheets/style.css [36m304 [0m1.229 ms - -[0m
